Performing C SOURCE FILE Test CMAKE_HAVE_LIBC_PTHREAD failed with the following output:
Change Dir: /home/fei/Development/gibsonv2/gibson2/core/render/cmake-build-debug/CMakeFiles/CMakeTmp

Run Build Command(s):/usr/bin/make cmTC_91091/fast && /usr/bin/make -f CMakeFiles/cmTC_91091.dir/build.make CMakeFiles/cmTC_91091.dir/build
make[1]: Entering directory '/home/fei/Development/gibsonv2/gibson2/core/render/cmake-build-debug/CMakeFiles/CMakeTmp'
Building C object CMakeFiles/cmTC_91091.dir/src.c.o
/usr/bin/cc   -DCMAKE_HAVE_LIBC_PTHREAD   -o CMakeFiles/cmTC_91091.dir/src.c.o   -c /home/fei/Development/gibsonv2/gibson2/core/render/cmake-build-debug/CMakeFiles/CMakeTmp/src.c
Linking C executable cmTC_91091
/home/fei/Downloads/clion-2020.1.1/bin/cmake/linux/bin/cmake -E cmake_link_script CMakeFiles/cmTC_91091.dir/link.txt --verbose=1
/usr/bin/cc  -DCMAKE_HAVE_LIBC_PTHREAD    -rdynamic CMakeFiles/cmTC_91091.dir/src.c.o  -o cmTC_91091 
CMakeFiles/cmTC_91091.dir/src.c.o: In function `main':
src.c:(.text+0x3c): undefined reference to `pthread_create'
src.c:(.text+0x48): undefined reference to `pthread_detach'
src.c:(.text+0x59): undefined reference to `pthread_join'
src.c:(.text+0x6d): undefined reference to `pthread_atfork'
collect2: error: ld returned 1 exit status
CMakeFiles/cmTC_91091.dir/build.make:86: recipe for target 'cmTC_91091' failed
make[1]: *** [cmTC_91091] Error 1
make[1]: Leaving directory '/home/fei/Development/gibsonv2/gibson2/core/render/cmake-build-debug/CMakeFiles/CMakeTmp'
Makefile:121: recipe for target 'cmTC_91091/fast' failed
make: *** [cmTC_91091/fast] Error 2


Source file was:
#include <pthread.h>

void* test_func(void* data)
{
  return data;
}

int main(void)
{
  pthread_t thread;
  pthread_create(&thread, NULL, test_func, NULL);
  pthread_detach(thread);
  pthread_join(thread, NULL);
  pthread_atfork(NULL, NULL, NULL);
  pthread_exit(NULL);

  return 0;
}

Determining if the function pthread_create exists in the pthreads failed with the following output:
Change Dir: /home/fei/Development/gibsonv2/gibson2/core/render/cmake-build-debug/CMakeFiles/CMakeTmp

Run Build Command(s):/usr/bin/make cmTC_0c660/fast && /usr/bin/make -f CMakeFiles/cmTC_0c660.dir/build.make CMakeFiles/cmTC_0c660.dir/build
make[1]: Entering directory '/home/fei/Development/gibsonv2/gibson2/core/render/cmake-build-debug/CMakeFiles/CMakeTmp'
Building C object CMakeFiles/cmTC_0c660.dir/CheckFunctionExists.c.o
/usr/bin/cc   -DCHECK_FUNCTION_EXISTS=pthread_create   -o CMakeFiles/cmTC_0c660.dir/CheckFunctionExists.c.o   -c /home/fei/Downloads/clion-2020.1.1/bin/cmake/linux/share/cmake-3.16/Modules/CheckFunctionExists.c
Linking C executable cmTC_0c660
/home/fei/Downloads/clion-2020.1.1/bin/cmake/linux/bin/cmake -E cmake_link_script CMakeFiles/cmTC_0c660.dir/link.txt --verbose=1
/usr/bin/cc  -DCHECK_FUNCTION_EXISTS=pthread_create    -rdynamic CMakeFiles/cmTC_0c660.dir/CheckFunctionExists.c.o  -o cmTC_0c660  -lpthreads 
/usr/bin/ld: cannot find -lpthreads
collect2: error: ld returned 1 exit status
CMakeFiles/cmTC_0c660.dir/build.make:86: recipe for target 'cmTC_0c660' failed
make[1]: *** [cmTC_0c660] Error 1
make[1]: Leaving directory '/home/fei/Development/gibsonv2/gibson2/core/render/cmake-build-debug/CMakeFiles/CMakeTmp'
Makefile:121: recipe for target 'cmTC_0c660/fast' failed
make: *** [cmTC_0c660/fast] Error 2



Performing C SOURCE FILE Test CMAKE_HAVE_LIBC_PTHREAD failed with the following output:
Change Dir: /home/fei/Development/gibsonv2/gibson2/core/render/cmake-build-debug/CMakeFiles/CMakeTmp

Run Build Command(s):/usr/bin/make cmTC_09f47/fast && /usr/bin/make -f CMakeFiles/cmTC_09f47.dir/build.make CMakeFiles/cmTC_09f47.dir/build
make[1]: Entering directory '/home/fei/Development/gibsonv2/gibson2/core/render/cmake-build-debug/CMakeFiles/CMakeTmp'
Building C object CMakeFiles/cmTC_09f47.dir/src.c.o
/usr/bin/cc   -fPIC -DCMAKE_HAVE_LIBC_PTHREAD   -o CMakeFiles/cmTC_09f47.dir/src.c.o   -c /home/fei/Development/gibsonv2/gibson2/core/render/cmake-build-debug/CMakeFiles/CMakeTmp/src.c
Linking C executable cmTC_09f47
/home/fei/Downloads/clion-2020.1.1/bin/cmake/linux/bin/cmake -E cmake_link_script CMakeFiles/cmTC_09f47.dir/link.txt --verbose=1
/usr/bin/cc -fPIC -DCMAKE_HAVE_LIBC_PTHREAD    -rdynamic CMakeFiles/cmTC_09f47.dir/src.c.o  -o cmTC_09f47 
CMakeFiles/cmTC_09f47.dir/src.c.o: In function `main':
src.c:(.text+0x3e): undefined reference to `pthread_create'
src.c:(.text+0x4a): undefined reference to `pthread_detach'
src.c:(.text+0x5b): undefined reference to `pthread_join'
src.c:(.text+0x6f): undefined reference to `pthread_atfork'
collect2: error: ld returned 1 exit status
CMakeFiles/cmTC_09f47.dir/build.make:86: recipe for target 'cmTC_09f47' failed
make[1]: *** [cmTC_09f47] Error 1
make[1]: Leaving directory '/home/fei/Development/gibsonv2/gibson2/core/render/cmake-build-debug/CMakeFiles/CMakeTmp'
Makefile:121: recipe for target 'cmTC_09f47/fast' failed
make: *** [cmTC_09f47/fast] Error 2


Source file was:
#include <pthread.h>

void* test_func(void* data)
{
  return data;
}

int main(void)
{
  pthread_t thread;
  pthread_create(&thread, NULL, test_func, NULL);
  pthread_detach(thread);
  pthread_join(thread, NULL);
  pthread_atfork(NULL, NULL, NULL);
  pthread_exit(NULL);

  return 0;
}

Determining if the function pthread_create exists in the pthreads failed with the following output:
Change Dir: /home/fei/Development/gibsonv2/gibson2/core/render/cmake-build-debug/CMakeFiles/CMakeTmp

Run Build Command(s):/usr/bin/make cmTC_1af40/fast && /usr/bin/make -f CMakeFiles/cmTC_1af40.dir/build.make CMakeFiles/cmTC_1af40.dir/build
make[1]: Entering directory '/home/fei/Development/gibsonv2/gibson2/core/render/cmake-build-debug/CMakeFiles/CMakeTmp'
Building C object CMakeFiles/cmTC_1af40.dir/CheckFunctionExists.c.o
/usr/bin/cc   -fPIC -DCHECK_FUNCTION_EXISTS=pthread_create   -o CMakeFiles/cmTC_1af40.dir/CheckFunctionExists.c.o   -c /home/fei/Downloads/clion-2020.1.1/bin/cmake/linux/share/cmake-3.16/Modules/CheckFunctionExists.c
Linking C executable cmTC_1af40
/home/fei/Downloads/clion-2020.1.1/bin/cmake/linux/bin/cmake -E cmake_link_script CMakeFiles/cmTC_1af40.dir/link.txt --verbose=1
/usr/bin/cc -fPIC -DCHECK_FUNCTION_EXISTS=pthread_create    -rdynamic CMakeFiles/cmTC_1af40.dir/CheckFunctionExists.c.o  -o cmTC_1af40  -lpthreads 
/usr/bin/ld: cannot find -lpthreads
collect2: error: ld returned 1 exit status
CMakeFiles/cmTC_1af40.dir/build.make:86: recipe for target 'cmTC_1af40' failed
make[1]: *** [cmTC_1af40] Error 1
make[1]: Leaving directory '/home/fei/Development/gibsonv2/gibson2/core/render/cmake-build-debug/CMakeFiles/CMakeTmp'
Makefile:121: recipe for target 'cmTC_1af40/fast' failed
make: *** [cmTC_1af40/fast] Error 2



